This is pdfTeX, Version 3.141592653-2.6-1.40.23 (TeX Live 2021) (preloaded format=pdflatex 2022.2.12)  6 APR 2022 22:12
entering extended mode
 restricted \write18 enabled.
 %&-line parsing enabled.
**identitas.tex
(./identitas.tex
LaTeX2e <2021-11-15> patch level 1
L3 programming layer <2022-02-05>)
! Emergency stop.
<*> identitas.tex
                 
*** (job aborted, no legal \end found)

 
Here is how much of TeX's memory you used:
 25 strings out of 478278
 469 string characters out of 5849555
 289198 words of memory out of 5000000
 18331 multiletter control sequences out of 15000+600000
 469259 words of font info for 28 fonts, out of 8000000 for 9000
 1141 hyphenation exceptions out of 8191
 13i,0n,12p,82b,10s stack positions out of 5000i,500n,10000p,200000b,80000s
!  ==> Fatal error occurred, no output PDF file produced!
